<?xml version="1.0" encoding="UTF-8"?>
<testsuite xmlns:xsi="http://www.w3.org/2001/XMLSchema-instance" xsi:noNamespaceSchemaLocation="https://maven.apache.org/surefire/maven-surefire-plugin/xsd/surefire-test-report.xsd" name="TestSuite" time="12.645" tests="27" errors="0" skipped="25" failures="2">
  <properties>
    <property name="java.vendor" value="Oracle Corporation"/>
    <property name="JOB_NAME" value="Test1"/>
    <property name="sun.java.launcher" value="SUN_STANDARD"/>
    <property name="windows_tracing_logfile" value="C:\BVTBin\Tests\installpackage\csilogfile.log"/>
    <property name="NUMBER_OF_PROCESSORS" value="4"/>
    <property name="sun.management.compiler" value="HotSpot 64-Bit Tiered Compilers"/>
    <property name="JENKINS_HOME" value="C:\Users\VICKY\.jenkins"/>
    <property name="HUDSON_SERVER_COOKIE" value="39785eb32107f90c"/>
    <property name="POM_ARTIFACTID" value="sample"/>
    <property name="os.name" value="Windows 7"/>
    <property name="sun.boot.class.path" value="C:\Program Files\Java\jdk1.8.0_131\jre\lib\resources.jar;C:\Program Files\Java\jdk1.8.0_131\jre\lib\rt.jar;C:\Program Files\Java\jdk1.8.0_131\jre\lib\sunrsasign.jar;C:\Program Files\Java\jdk1.8.0_131\jre\lib\jsse.jar;C:\Program Files\Java\jdk1.8.0_131\jre\lib\jce.jar;C:\Program Files\Java\jdk1.8.0_131\jre\lib\charsets.jar;C:\Program Files\Java\jdk1.8.0_131\jre\lib\jfr.jar;C:\Program Files\Java\jdk1.8.0_131\jre\classes"/>
    <property name="EXECUTOR_NUMBER" value="0"/>
    <property name="sun.desktop" value="windows"/>
    <property name="PATHEXT" value=".COM;.EXE;.BAT;.CMD;.VBS;.VBE;.JS;.JSE;.WSF;.WSH;.MSC"/>
    <property name="java.vm.specification.vendor" value="Oracle Corporation"/>
    <property name="POM_DISPLAYNAME" value="sample"/>
    <property name="NODE_LABELS" value="master"/>
    <property name="TEMP" value="C:\Users\VICKY\AppData\Local\Temp"/>
    <property name="java.runtime.version" value="1.8.0_131-b11"/>
    <property name="ANT_HOME" value="C:\Users\VICKY\Downloads\ANT\apache-ant-1.10.3"/>
    <property name="user.name" value="VICKY"/>
    <property name="guice.disable.misplaced.annotation.check" value="true"/>
    <property name="CommonProgramW6432" value="C:\Program Files\Common Files"/>
    <property name="ProgramFiles" value="C:\Program Files"/>
    <property name="PROMPT" value="$P$G"/>
    <property name="user.language" value="en"/>
    <property name="JOB_BASE_NAME" value="Test1"/>
    <property name="RUN_CHANGES_DISPLAY_URL" value="http://myjenkinstest:8080/job/Test1/8/display/redirect?page=changes"/>
    <property name="BUILD_DISPLAY_NAME" value="#8"/>
    <property name="sun.boot.library.path" value="C:\Program Files\Java\jdk1.8.0_131\jre\bin"/>
    <property name="LOCALAPPDATA" value="C:\Users\VICKY\AppData\Local"/>
    <property name="java.version" value="1.8.0_131"/>
    <property name="PROCESSOR_LEVEL" value="6"/>
    <property name="user.timezone" value="Asia/Calcutta"/>
    <property name="USERNAME" value="VICKY"/>
    <property name="sun.arch.data.model" value="64"/>
    <property name="NODE_NAME" value="master"/>
    <property name="java.endorsed.dirs" value="C:\Program Files\Java\jdk1.8.0_131\jre\lib\endorsed"/>
    <property name="BUILD_ID" value="8"/>
    <property name="sun.cpu.isalist" value="amd64"/>
    <property name="PYTHON_HOME" value="C:\Users\VICKY\AppData\Local\Programs\Python\Python36-32"/>
    <property name="sun.jnu.encoding" value="Cp1252"/>
    <property name="file.encoding.pkg" value="sun.io"/>
    <property name="file.separator" value="\"/>
    <property name="java.specification.name" value="Java Platform API Specification"/>
    <property name="HOMEDRIVE" value="C:"/>
    <property name="maven.conf" value="C:\Users\VICKY\.jenkins\tools\hudson.tasks.Maven_MavenInstallation\test\conf"/>
    <property name="java.class.version" value="52.0"/>
    <property name="=::" value="::\"/>
    <property name="org.slf4j.simpleLogger.defaultLogLevel" value="info"/>
    <property name="user.country" value="US"/>
    <property name="ALLUSERSPROFILE" value="C:\ProgramData"/>
    <property name="java.home" value="C:\Program Files\Java\jdk1.8.0_131\jre"/>
    <property name="java.vm.info" value="mixed mode"/>
    <property name="os.version" value="6.1"/>
    <property name="RUN_DISPLAY_URL" value="http://myjenkinstest:8080/job/Test1/8/display/redirect"/>
    <property name="POM_VERSION" value="0.0.1-SNAPSHOT"/>
    <property name="TMP" value="C:\Users\VICKY\AppData\Local\Temp"/>
    <property name="path.separator" value=";"/>
    <property name="java.vm.version" value="25.131-b11"/>
    <property name="user.variant" value=""/>
    <property name="ClassPath" value=""/>
    <property name="JOB_DISPLAY_URL" value="http://myjenkinstest:8080/job/Test1/display/redirect"/>
    <property name="CommonProgramFiles(x86)" value="C:\Program Files (x86)\Common Files"/>
    <property name="java.awt.printerjob" value="sun.awt.windows.WPrinterJob"/>
    <property name="FP_NO_HOST_CHECK" value="NO"/>
    <property name="JAVA_HOME" value="C:\Program Files\Java\jdk1.8.0_131"/>
    <property name="sun.io.unicode.encoding" value="UnicodeLittle"/>
    <property name="CommonProgramFiles" value="C:\Program Files\Common Files"/>
    <property name="ComSpec" value="C:\Windows\system32\cmd.exe"/>
    <property name="awt.toolkit" value="sun.awt.windows.WToolkit"/>
    <property name="HOMEPATH" value="\Users\VICKY"/>
    <property name="POM_PACKAGING" value="jar"/>
    <property name="user.script" value=""/>
    <property name="COMPUTERNAME" value="VICKY-PC"/>
    <property name="POM_GROUPID" value="vicky"/>
    <property name="user.home" value="C:\Users\VICKY"/>
    <property name="PUBLIC" value="C:\Users\Public"/>
    <property name="BUILD_TAG" value="jenkins-Test1-8"/>
    <property name="JENKINS_SERVER_COOKIE" value="39785eb32107f90c"/>
    <property name="HUDSON_URL" value="http://myjenkinstest:8080/"/>
    <property name="ProgramData" value="C:\ProgramData"/>
    <property name="java.specification.vendor" value="Oracle Corporation"/>
    <property name="USERPROFILE" value="C:\Users\VICKY"/>
    <property name="java.vendor.url" value="http://java.oracle.com/"/>
    <property name="java.library.path" value="C:\Program Files\Java\jdk1.8.0_131\bin;C:\Windows\Sun\Java\bin;C:\Windows\system32;C:\Windows;C:\Users\VICKY\.jenkins\tools\hudson.tasks.Maven_MavenInstallation\test/bin;C:\Users\VICKY\Downloads\Maven\apache-maven-3.5.2\bin;C:\SDK MANAGER\tools;C:\SDK Manager\platform-tools;C:\Program Files\Java\jdk1.8.0_131\bin;C:\Users\VICKY\AppData\Local\Android\sdk\tools\bin;C:\Users\VICKY\AppData\Local\Android\sdk\tools;C:\Users\VICKY\AppData\Local\Android\sdk\platform-tools;C:\Program Files\nodejs;C:\Program Files\nodejs\node_modules\npm\bin;C:\Users\VICKY\AppData\Local\Programs\Python\Python36-32\;C:\Users\VICKY\AppData\Local\Programs\Python\Python36-32\Scripts\ ;C:\Users\VICKY\Downloads\ANT\apache-ant-1.10.3\bin;C:\Program Files\Git\cmd;C:\Users\VICKY\AppData\Local\Programs\Python\Python36-32\Scripts\;C:\Users\VICKY\AppData\Local\Programs\Python\Python36-32\;C:\Program Files\Java\jdk1.8.0_131\bin;C:\Users\VICKY\AppData\Roaming\npm;C:\Users\VICKY\AppData\Local\atom\bin;."/>
    <property name="java.vm.vendor" value="Oracle Corporation"/>
    <property name="APPDATA" value="C:\Users\VICKY\AppData\Roaming"/>
    <property name="java.runtime.name" value="Java(TM) SE Runtime Environment"/>
    <property name="maven.home" value="C:\Users\VICKY\.jenkins\tools\hudson.tasks.Maven_MavenInstallation\test"/>
    <property name="java.class.path" value="C:\Users\VICKY\.jenkins\plugins\maven-plugin\WEB-INF\lib\maven35-agent-1.12-alpha-1.jar;C:\Users\VICKY\.jenkins\tools\hudson.tasks.Maven_MavenInstallation\test\boot\plexus-classworlds-2.5.2.jar;C:\Users\VICKY\.jenkins\tools\hudson.tasks.Maven_MavenInstallation\test/conf/logging"/>
    <property name="sun.java.command" value="jenkins.maven3.agent.Maven35Main C:\Users\VICKY\.jenkins\tools\hudson.tasks.Maven_MavenInstallation\test C:\Users\VICKY\.jenkins\war\WEB-INF\lib\remoting-3.20.jar C:\Users\VICKY\.jenkins\plugins\maven-plugin\WEB-INF\lib\maven35-interceptor-1.12-alpha-1.jar C:\Users\VICKY\.jenkins\plugins\maven-plugin\WEB-INF\lib\maven3-interceptor-commons-1.12-alpha-1.jar 64545"/>
    <property name="Path" value="C:\Users\VICKY\Downloads\Maven\apache-maven-3.5.2\bin;C:\SDK MANAGER\tools;C:\SDK Manager\platform-tools;C:\Program Files\Java\jdk1.8.0_131\bin;C:\Users\VICKY\AppData\Local\Android\sdk\tools\bin;C:\Users\VICKY\AppData\Local\Android\sdk\tools;C:\Users\VICKY\AppData\Local\Android\sdk\platform-tools;C:\Program Files\nodejs;C:\Program Files\nodejs\node_modules\npm\bin;C:\Users\VICKY\AppData\Local\Programs\Python\Python36-32\;C:\Users\VICKY\AppData\Local\Programs\Python\Python36-32\Scripts\ ;C:\Users\VICKY\Downloads\ANT\apache-ant-1.10.3\bin;C:\Program Files\Git\cmd;C:\Users\VICKY\AppData\Local\Programs\Python\Python36-32\Scripts\;C:\Users\VICKY\AppData\Local\Programs\Python\Python36-32\;C:\Program Files\Java\jdk1.8.0_131\bin;C:\Users\VICKY\AppData\Roaming\npm;C:\Users\VICKY\AppData\Local\atom\bin"/>
    <property name="java.vm.specification.name" value="Java Virtual Machine Specification"/>
    <property name="PROCESSOR_ARCHITECTURE" value="AMD64"/>
    <property name="PROCESSOR_IDENTIFIER" value="Intel64 Family 6 Model 42 Stepping 7, GenuineIntel"/>
    <property name="SESSIONNAME" value="Console"/>
    <property name="java.vm.specification.version" value="1.8"/>
    <property name="NODE_HOME" value="C:\Program Files\nodejs"/>
    <property name="sun.os.patch.level" value="Service Pack 1"/>
    <property name="sun.cpu.endian" value="little"/>
    <property name="M2_HOME" value="C:\Users\VICKY\.jenkins\tools\hudson.tasks.Maven_MavenInstallation\test"/>
    <property name="java.io.tmpdir" value="C:\Users\VICKY\AppData\Local\Temp\"/>
    <property name="OS" value="Windows_NT"/>
    <property name="HUDSON_HOME" value="C:\Users\VICKY\.jenkins"/>
    <property name="PATH+MAVEN" value="C:\Users\VICKY\.jenkins\tools\hudson.tasks.Maven_MavenInstallation\test/bin"/>
    <property name="ProgramFiles(x86)" value="C:\Program Files (x86)"/>
    <property name="BUILD_URL" value="http://myjenkinstest:8080/job/Test1/8/"/>
    <property name="java.vendor.url.bug" value="http://bugreport.sun.com/bugreport/"/>
    <property name="java.awt.graphicsenv" value="sun.awt.Win32GraphicsEnvironment"/>
    <property name="os.arch" value="amd64"/>
    <property name="SystemRoot" value="C:\Windows"/>
    <property name="windows_tracing_flags" value="3"/>
    <property name="java.ext.dirs" value="C:\Program Files\Java\jdk1.8.0_131\jre\lib\ext;C:\Windows\Sun\Java\lib\ext"/>
    <property name="user.dir" value="C:\Test-OXYGEN\RedBook"/>
    <property name="JOB_URL" value="http://myjenkinstest:8080/job/Test1/"/>
    <property name="LOGONSERVER" value="\\VICKY-PC"/>
    <property name="USERDOMAIN" value="VICKY-PC"/>
    <property name="line.separator" value="&#10;"/>
    <property name="MAVEN_HOME" value="C:\Users\VICKY\.jenkins\tools\hudson.tasks.Maven_MavenInstallation\test"/>
    <property name="java.vm.name" value="Java HotSpot(TM) 64-Bit Server VM"/>
    <property name="BUILD_NUMBER" value="8"/>
    <property name="ANDROID_HOME" value="C:\Users\VICKY\AppData\Local\Android\sdk"/>
    <property name="JENKINS_URL" value="http://myjenkinstest:8080/"/>
    <property name="PROCESSOR_REVISION" value="2a07"/>
    <property name="ProgramW6432" value="C:\Program Files"/>
    <property name="windir" value="C:\Windows"/>
    <property name="=C:" value="C:\Users\VICKY\Downloads"/>
    <property name="file.encoding" value="Cp1252"/>
    <property name="SystemDrive" value="C:"/>
    <property name="maven3.interceptor" value="C:\Users\VICKY\.jenkins\plugins\maven-plugin\WEB-INF\lib\maven35-interceptor-1.12-alpha-1.jar"/>
    <property name="WORKSPACE" value="C:\Users\VICKY\.jenkins\workspace\Test1"/>
    <property name="maven3.interceptor.common" value="C:\Users\VICKY\.jenkins\plugins\maven-plugin\WEB-INF\lib\maven3-interceptor-commons-1.12-alpha-1.jar"/>
    <property name="java.specification.version" value="1.8"/>
    <property name="PSModulePath" value="C:\Windows\system32\WindowsPowerShell\v1.0\Modules\"/>
  </properties>
  <testcase name="checkLogin" classname="MyTestCase.NewTest" time="0.055">
    <failure message="no such window: target window already closed&#10;from unknown error: web view not found&#10;  (Session info: chrome=67.0.3396.99)&#10;  (Driver info: chromedriver=2.35.528161 (5b82f2d2aae0ca24b877009200ced9065a772e73),platform=Windows NT 6.1.7601 SP1 x86_64) (WARNING: The server did not provide any stacktrace information)&#10;Command duration or timeout: 34 milliseconds&#10;Build info: version: &apos;2.50.1&apos;, revision: &apos;d7fc91b29de65b790abb01f3ac5f7ea2191c88a7&apos;, time: &apos;2016-01-29 11:11:26&apos;&#10;System info: host: &apos;VICKY-PC&apos;, ip: &apos;192.168.1.18&apos;, os.name: &apos;Windows 7&apos;, os.arch: &apos;amd64&apos;, os.version: &apos;6.1&apos;, java.version: &apos;1.8.0_131&apos;&#10;Driver info: org.openqa.selenium.chrome.ChromeDriver&#10;Capabilities [{applicationCacheEnabled=false, rotatable=false, mobileEmulationEnabled=false, networkConnectionEnabled=false, chrome={chromedriverVersion=2.35.528161 (5b82f2d2aae0ca24b877009200ced9065a772e73), userDataDir=C:\Users\VICKY\AppData\Local\Temp\scoped_dir11272_15705}, takesHeapSnapshot=true, pageLoadStrategy=normal, databaseEnabled=false, handlesAlerts=true, hasTouchScreen=false, version=67.0.3396.99, platform=XP, browserConnectionEnabled=false, nativeEvents=true, acceptSslCerts=false, acceptInsecureCerts=false, locationContextEnabled=true, webStorageEnabled=true, browserName=chrome, takesScreenshot=true, javascriptEnabled=true, cssSelectorsEnabled=true, setWindowRect=true, unexpectedAlertBehaviour=}]&#10;Session ID: c61ec9b7e6d4e88e9254386481a2f5ac&#10;*** Element info: {Using=xpath, value=//div[@id=&apos;popup-dialog-window&apos;]//span[@id=&apos;close-dialog&apos;]}" type="org.openqa.selenium.NoSuchWindowException">org.openqa.selenium.NoSuchWindowException: 
no such window: target window already closed
from unknown error: web view not found
  (Session info: chrome=67.0.3396.99)
  (Driver info: chromedriver=2.35.528161 (5b82f2d2aae0ca24b877009200ced9065a772e73),platform=Windows NT 6.1.7601 SP1 x86_64) (WARNING: The server did not provide any stacktrace information)
Command duration or timeout: 34 milliseconds
Build info: version: '2.50.1', revision: 'd7fc91b29de65b790abb01f3ac5f7ea2191c88a7', time: '2016-01-29 11:11:26'
System info: host: 'VICKY-PC', ip: '192.168.1.18', os.name: 'Windows 7', os.arch: 'amd64', os.version: '6.1', java.version: '1.8.0_131'
Driver info: org.openqa.selenium.chrome.ChromeDriver
Capabilities [{applicationCacheEnabled=false, rotatable=false, mobileEmulationEnabled=false, networkConnectionEnabled=false, chrome={chromedriverVersion=2.35.528161 (5b82f2d2aae0ca24b877009200ced9065a772e73), userDataDir=C:\Users\VICKY\AppData\Local\Temp\scoped_dir11272_15705}, takesHeapSnapshot=true, pageLoadStrategy=normal, databaseEnabled=false, handlesAlerts=true, hasTouchScreen=false, version=67.0.3396.99, platform=XP, browserConnectionEnabled=false, nativeEvents=true, acceptSslCerts=false, acceptInsecureCerts=false, locationContextEnabled=true, webStorageEnabled=true, browserName=chrome, takesScreenshot=true, javascriptEnabled=true, cssSelectorsEnabled=true, setWindowRect=true, unexpectedAlertBehaviour=}]
Session ID: c61ec9b7e6d4e88e9254386481a2f5ac
*** Element info: {Using=xpath, value=//div[@id='popup-dialog-window']//span[@id='close-dialog']}
	at MyTestCase.NewTest.checkLogin(NewTest.java:101)
</failure>
    <system-err><![CDATA[Starting ChromeDriver 2.35.528161 (5b82f2d2aae0ca24b877009200ced9065a772e73) on port 45685
Only local connections are allowed.
[1531132911.375][SEVERE]: Unable to receive message from renderer
]]></system-err>
  </testcase>
  <testcase name="TestSucessfullReport" classname="MyTestCase.NewTest" time="0.056">
    <failure type="java.lang.NullPointerException">java.lang.NullPointerException
	at MyTestCase.NewTest.TestSucessfullReport(NewTest.java:196)
</failure>
  </testcase>
  <testcase name="TestSucessfullReport" classname="MyTestCase.NewTest" time="0">
    <skipped/>
  </testcase>
  <testcase name="TestSucessfullReport" classname="MyTestCase.NewTest" time="0">
    <skipped/>
  </testcase>
  <testcase name="TestSucessfullReport" classname="MyTestCase.NewTest" time="0">
    <skipped/>
  </testcase>
  <testcase name="TestSucessfullReport" classname="MyTestCase.NewTest" time="0">
    <skipped/>
  </testcase>
  <testcase name="TestSucessfullReport" classname="MyTestCase.NewTest" time="0">
    <skipped/>
  </testcase>
  <testcase name="TestSucessfullReport" classname="MyTestCase.NewTest" time="0">
    <skipped/>
  </testcase>
  <testcase name="TestSucessfullReport" classname="MyTestCase.NewTest" time="0">
    <skipped/>
  </testcase>
  <testcase name="TestSucessfullReport" classname="MyTestCase.NewTest" time="0">
    <skipped/>
  </testcase>
  <testcase name="Setup" classname="MyTestCase.NewTest" time="0">
    <skipped/>
  </testcase>
  <testcase name="Setup" classname="MyTestCase.NewTest" time="0">
    <skipped/>
  </testcase>
  <testcase name="Setup" classname="MyTestCase.NewTest" time="0">
    <skipped/>
  </testcase>
  <testcase name="Setup" classname="MyTestCase.NewTest" time="0">
    <skipped/>
  </testcase>
  <testcase name="Setup" classname="MyTestCase.NewTest" time="0">
    <skipped/>
  </testcase>
  <testcase name="Setup" classname="MyTestCase.NewTest" time="0">
    <skipped/>
  </testcase>
  <testcase name="Setup" classname="MyTestCase.NewTest" time="0">
    <skipped/>
  </testcase>
  <testcase name="Setup" classname="MyTestCase.NewTest" time="0">
    <skipped/>
  </testcase>
  <testcase name="CheckPopUp" classname="MyTestCase.NewTest" time="0">
    <skipped/>
  </testcase>
  <testcase name="CheckClaim" classname="MyTestCase.NewTest" time="0">
    <skipped/>
  </testcase>
  <testcase name="CheckRating" classname="MyTestCase.NewTest" time="0">
    <skipped/>
  </testcase>
  <testcase name="CheckFinancialSnapshot" classname="MyTestCase.NewTest" time="0">
    <skipped/>
  </testcase>
  <testcase name="CheckAdvancedPopup" classname="MyTestCase.NewTest" time="0">
    <skipped/>
  </testcase>
  <testcase name="CheckContact" classname="MyTestCase.NewTest" time="0">
    <skipped/>
  </testcase>
  <testcase name="CheckSubmit" classname="MyTestCase.NewTest" time="0">
    <skipped/>
  </testcase>
  <testcase name="CheckEndorse" classname="MyTestCase.NewTest" time="0">
    <skipped/>
  </testcase>
  <testcase name="tearDown" classname="MyTestCase.NewTest" time="0">
    <skipped/>
  </testcase>
</testsuite>