<?xml version="1.0" encoding="UTF-8" ?>
<testsuite tests="57" failures="3" name="TestSuite" time="7.251" errors="0" skipped="54">
  <properties>
    <property name="java.runtime.name" value="Java(TM) SE Runtime Environment"/>
    <property name="sun.boot.library.path" value="C:\Program Files\Java\jre1.8.0_131\bin"/>
    <property name="java.vm.version" value="25.131-b11"/>
    <property name="java.vm.vendor" value="Oracle Corporation"/>
    <property name="maven.multiModuleProjectDirectory" value="C:\Test-OXYGEN\RedBook"/>
    <property name="java.vendor.url" value="http://java.oracle.com/"/>
    <property name="path.separator" value=";"/>
    <property name="guice.disable.misplaced.annotation.check" value="true"/>
    <property name="java.vm.name" value="Java HotSpot(TM) 64-Bit Server VM"/>
    <property name="file.encoding.pkg" value="sun.io"/>
    <property name="user.script" value=""/>
    <property name="user.country" value="US"/>
    <property name="sun.java.launcher" value="SUN_STANDARD"/>
    <property name="sun.os.patch.level" value="Service Pack 1"/>
    <property name="java.vm.specification.name" value="Java Virtual Machine Specification"/>
    <property name="user.dir" value="C:\Test-OXYGEN\RedBook"/>
    <property name="java.runtime.version" value="1.8.0_131-b11"/>
    <property name="java.awt.graphicsenv" value="sun.awt.Win32GraphicsEnvironment"/>
    <property name="java.endorsed.dirs" value="C:\Program Files\Java\jre1.8.0_131\lib\endorsed"/>
    <property name="os.arch" value="amd64"/>
    <property name="java.io.tmpdir" value="C:\Users\VICKY\AppData\Local\Temp\"/>
    <property name="line.separator" value="
"/>
    <property name="java.vm.specification.vendor" value="Oracle Corporation"/>
    <property name="user.variant" value=""/>
    <property name="os.name" value="Windows 7"/>
    <property name="classworlds.conf" value="C:\Test-OXYGEN\.metadata\.plugins\org.eclipse.m2e.launching\launches\m2conf7057069393632100990.tmp"/>
    <property name="sun.jnu.encoding" value="Cp1252"/>
    <property name="java.library.path" value="C:\Program Files\Java\jre1.8.0_131\bin;C:\Windows\Sun\Java\bin;C:\Windows\system32;C:\Windows;C:/Program Files/Java/jdk1.8.0_131/bin/../jre/bin/server;C:/Program Files/Java/jdk1.8.0_131/bin/../jre/bin;C:/Program Files/Java/jdk1.8.0_131/bin/../jre/lib/amd64;C:\Users\VICKY\Downloads\Maven\apache-maven-3.5.2\bin;C:\SDK MANAGER\tools;C:\SDK Manager\platform-tools;C:\Program Files\Java\jdk1.8.0_131\bin;C:\Users\VICKY\AppData\Local\Android\sdk\tools\bin;C:\Users\VICKY\AppData\Local\Android\sdk\tools;C:\Users\VICKY\AppData\Local\Android\sdk\platform-tools;C:\Program Files\nodejs;C:\Program Files\nodejs\node_modules\npm\bin;C:\Users\VICKY\AppData\Local\Programs\Python\Python36-32\;C:\Users\VICKY\AppData\Local\Programs\Python\Python36-32\Scripts\ ;C:\Users\VICKY\Downloads\ANT\apache-ant-1.10.3\bin;C:\Program Files\Git\cmd;C:\Users\VICKY\AppData\Local\Programs\Python\Python36-32\Scripts\;C:\Users\VICKY\AppData\Local\Programs\Python\Python36-32\;C:\Program Files\Java\jdk1.8.0_131\bin;C:\Users\VICKY\AppData\Roaming\npm;C:\Users\VICKY\AppData\Local\atom\bin;C:\Windows\system32;;."/>
    <property name="java.specification.name" value="Java Platform API Specification"/>
    <property name="java.class.version" value="52.0"/>
    <property name="sun.management.compiler" value="HotSpot 64-Bit Tiered Compilers"/>
    <property name="os.version" value="6.1"/>
    <property name="user.home" value="C:\Users\VICKY"/>
    <property name="user.timezone" value="Asia/Calcutta"/>
    <property name="java.awt.printerjob" value="sun.awt.windows.WPrinterJob"/>
    <property name="java.specification.version" value="1.8"/>
    <property name="file.encoding" value="Cp1252"/>
    <property name="user.name" value="VICKY"/>
    <property name="java.class.path" value="C:\Users\VICKY\.p2\pool\plugins\org.eclipse.m2e.maven.runtime_1.8.2.20171007-0216\jars\plexus-classworlds-2.5.2.jar"/>
    <property name="java.vm.specification.version" value="1.8"/>
    <property name="sun.arch.data.model" value="64"/>
    <property name="java.home" value="C:\Program Files\Java\jre1.8.0_131"/>
    <property name="sun.java.command" value="org.codehaus.plexus.classworlds.launcher.Launcher -B test"/>
    <property name="java.specification.vendor" value="Oracle Corporation"/>
    <property name="user.language" value="en"/>
    <property name="awt.toolkit" value="sun.awt.windows.WToolkit"/>
    <property name="java.vm.info" value="mixed mode"/>
    <property name="java.version" value="1.8.0_131"/>
    <property name="java.ext.dirs" value="C:\Program Files\Java\jre1.8.0_131\lib\ext;C:\Windows\Sun\Java\lib\ext"/>
    <property name="sun.boot.class.path" value="C:\Program Files\Java\jre1.8.0_131\lib\resources.jar;C:\Program Files\Java\jre1.8.0_131\lib\rt.jar;C:\Program Files\Java\jre1.8.0_131\lib\sunrsasign.jar;C:\Program Files\Java\jre1.8.0_131\lib\jsse.jar;C:\Program Files\Java\jre1.8.0_131\lib\jce.jar;C:\Program Files\Java\jre1.8.0_131\lib\charsets.jar;C:\Program Files\Java\jre1.8.0_131\lib\jfr.jar;C:\Program Files\Java\jre1.8.0_131\classes"/>
    <property name="java.vendor" value="Oracle Corporation"/>
    <property name="maven.home" value="C:\Test-OXYGEN\RedBook\EMBEDDED"/>
    <property name="file.separator" value="\"/>
    <property name="java.vendor.url.bug" value="http://bugreport.sun.com/bugreport/"/>
    <property name="sun.cpu.endian" value="little"/>
    <property name="sun.io.unicode.encoding" value="UnicodeLittle"/>
    <property name="sun.desktop" value="windows"/>
    <property name="sun.cpu.isalist" value="amd64"/>
  </properties>
  <testcase classname="MyTestCase.DemoTest" name="Setup" time="0.381">
    <failure message="
Parameter &apos;browser&apos; is required by @Configuration on method Setup but has not been marked @Optional or defined
" type="org.testng.TestNGException">org.testng.TestNGException: 
Parameter &apos;browser&apos; is required by @Configuration on method Setup but has not been marked @Optional or defined

	at org.testng.internal.Parameters.createParameters(Parameters.java:154)
	at org.testng.internal.Parameters.createParameters(Parameters.java:361)
	at org.testng.internal.Parameters.createConfigurationParameters(Parameters.java:84)
	at org.testng.internal.Invoker.invokeConfigurations(Invoker.java:201)
	at org.testng.internal.Invoker.invokeMethod(Invoker.java:589)
	at org.testng.internal.Invoker.invokeTestMethod(Invoker.java:820)
	at org.testng.internal.Invoker.invokeTestMethods(Invoker.java:1128)
	at org.testng.internal.TestMethodWorker.invokeTestMethods(TestMethodWorker.java:129)
	at org.testng.internal.TestMethodWorker.run(TestMethodWorker.java:112)
	at org.testng.TestRunner.privateRun(TestRunner.java:782)
	at org.testng.TestRunner.run(TestRunner.java:632)
	at org.testng.SuiteRunner.runTest(SuiteRunner.java:366)
	at org.testng.SuiteRunner.runSequentially(SuiteRunner.java:361)
	at org.testng.SuiteRunner.privateRun(SuiteRunner.java:319)
	at org.testng.SuiteRunner.run(SuiteRunner.java:268)
	at org.testng.SuiteRunnerWorker.runSuite(SuiteRunnerWorker.java:52)
	at org.testng.SuiteRunnerWorker.run(SuiteRunnerWorker.java:86)
	at org.testng.TestNG.runSuitesSequentially(TestNG.java:1244)
	at org.testng.TestNG.runSuitesLocally(TestNG.java:1169)
	at org.testng.TestNG.run(TestNG.java:1064)
	at org.apache.maven.surefire.testng.TestNGExecutor.run(TestNGExecutor.java:77)
	at org.apache.maven.surefire.testng.TestNGDirectoryTestSuite.executeMulti(TestNGDirectoryTestSuite.java:159)
	at org.apache.maven.surefire.testng.TestNGDirectoryTestSuite.execute(TestNGDirectoryTestSuite.java:99)
	at org.apache.maven.surefire.testng.TestNGProvider.invoke(TestNGProvider.java:106)
	at sun.reflect.NativeMethodAccessorImpl.invoke0(Native Method)
	at sun.reflect.NativeMethodAccessorImpl.invoke(Unknown Source)
	at sun.reflect.DelegatingMethodAccessorImpl.invoke(Unknown Source)
	at java.lang.reflect.Method.invoke(Unknown Source)
	at org.apache.maven.surefire.util.ReflectionUtils.invokeMethodWithArray(ReflectionUtils.java:189)
	at org.apache.maven.surefire.booter.ProviderFactory$ProviderProxy.invoke(ProviderFactory.java:165)
	at org.apache.maven.surefire.booter.ProviderFactory.invokeProvider(ProviderFactory.java:85)
	at org.apache.maven.surefire.booter.ForkedBooter.runSuitesInProcess(ForkedBooter.java:115)
	at org.apache.maven.surefire.booter.ForkedBooter.main(ForkedBooter.java:75)
</failure>
    <system-out>Configuring TestNG with: org.apache.maven.surefire.testng.conf.TestNG652Configurator@47089e5f
</system-out>
  </testcase>
  <testcase classname="MyTestCase.DemoTest" name="checkLogin" time="0.004">
    <skipped/>
  </testcase>
  <testcase classname="MyTestCase.DemoTest" name="TestSucessfullReport" time="0.004">
    <skipped/>
  </testcase>
  <testcase classname="MyTestCase.NewTest" name="checkLogin" time="2.262">
    <failure type="java.lang.NullPointerException">java.lang.NullPointerException
	at sun.reflect.NativeMethodAccessorImpl.invoke0(Native Method)
	at sun.reflect.NativeMethodAccessorImpl.invoke(Unknown Source)
	at sun.reflect.DelegatingMethodAccessorImpl.invoke(Unknown Source)
	at java.lang.reflect.Method.invoke(Unknown Source)
	at org.openqa.selenium.support.pagefactory.internal.LocatingElementHandler.invoke(LocatingElementHandler.java:51)
	at com.sun.proxy.$Proxy8.click(Unknown Source)
	at PageClass.Login_Test.UserLogin(Login_Test.java:53)
	at MyTestCase.NewTest.checkLogin(NewTest.java:101)
</failure>
    <system-err>Starting ChromeDriver 2.35.528161 (5b82f2d2aae0ca24b877009200ced9065a772e73) on port 7191
Only local connections are allowed.
[1531121925.728][SEVERE]: Unable to receive message from renderer
</system-err>
  </testcase>
  <testcase classname="MyTestCase.NewTest" name="TestSucessfullReport" time="2.263">
    <failure type="java.lang.NullPointerException">java.lang.NullPointerException
	at MyTestCase.NewTest.TestSucessfullReport(NewTest.java:196)
</failure>
  </testcase>
  <testcase classname="MyTestCase.DemoTest" name="Setup" time="2.269">
    <skipped/>
  </testcase>
  <testcase classname="MyTestCase.DemoTest" name="CheckPopUp" time="0">
    <skipped/>
  </testcase>
  <testcase classname="MyTestCase.DemoTest" name="TestSucessfullReport" time="0">
    <skipped/>
  </testcase>
  <testcase classname="MyTestCase.NewTest" name="Setup" time="0">
    <skipped/>
  </testcase>
  <testcase classname="MyTestCase.NewTest" name="CheckPopUp" time="0">
    <skipped/>
  </testcase>
  <testcase classname="MyTestCase.NewTest" name="TestSucessfullReport" time="0.008">
    <skipped/>
  </testcase>
  <testcase classname="MyTestCase.DemoTest" name="Setup" time="0.009">
    <skipped/>
  </testcase>
  <testcase classname="MyTestCase.DemoTest" name="CheckClaim" time="0">
    <skipped/>
  </testcase>
  <testcase classname="MyTestCase.DemoTest" name="TestSucessfullReport" time="0">
    <skipped/>
  </testcase>
  <testcase classname="MyTestCase.NewTest" name="Setup" time="0">
    <skipped/>
  </testcase>
  <testcase classname="MyTestCase.NewTest" name="CheckClaim" time="0">
    <skipped/>
  </testcase>
  <testcase classname="MyTestCase.NewTest" name="TestSucessfullReport" time="0">
    <skipped/>
  </testcase>
  <testcase classname="MyTestCase.DemoTest" name="Setup" time="0">
    <skipped/>
  </testcase>
  <testcase classname="MyTestCase.DemoTest" name="CheckRating" time="0">
    <skipped/>
  </testcase>
  <testcase classname="MyTestCase.DemoTest" name="TestSucessfullReport" time="0">
    <skipped/>
  </testcase>
  <testcase classname="MyTestCase.NewTest" name="Setup" time="0">
    <skipped/>
  </testcase>
  <testcase classname="MyTestCase.NewTest" name="CheckRating" time="0">
    <skipped/>
  </testcase>
  <testcase classname="MyTestCase.NewTest" name="TestSucessfullReport" time="0">
    <skipped/>
  </testcase>
  <testcase classname="MyTestCase.DemoTest" name="Setup" time="0.001">
    <skipped/>
  </testcase>
  <testcase classname="MyTestCase.DemoTest" name="CheckFinancialSnapshot" time="0">
    <skipped/>
  </testcase>
  <testcase classname="MyTestCase.DemoTest" name="TestSucessfullReport" time="0">
    <skipped/>
  </testcase>
  <testcase classname="MyTestCase.NewTest" name="Setup" time="0">
    <skipped/>
  </testcase>
  <testcase classname="MyTestCase.NewTest" name="CheckFinancialSnapshot" time="0.012">
    <skipped/>
  </testcase>
  <testcase classname="MyTestCase.NewTest" name="TestSucessfullReport" time="0.012">
    <skipped/>
  </testcase>
  <testcase classname="MyTestCase.DemoTest" name="Setup" time="0.012">
    <skipped/>
  </testcase>
  <testcase classname="MyTestCase.DemoTest" name="CheckAdvancedPopup" time="0">
    <skipped/>
  </testcase>
  <testcase classname="MyTestCase.DemoTest" name="TestSucessfullReport" time="0">
    <skipped/>
  </testcase>
  <testcase classname="MyTestCase.NewTest" name="Setup" time="0">
    <skipped/>
  </testcase>
  <testcase classname="MyTestCase.NewTest" name="CheckAdvancedPopup" time="0">
    <skipped/>
  </testcase>
  <testcase classname="MyTestCase.NewTest" name="TestSucessfullReport" time="0">
    <skipped/>
  </testcase>
  <testcase classname="MyTestCase.DemoTest" name="Setup" time="0">
    <skipped/>
  </testcase>
  <testcase classname="MyTestCase.DemoTest" name="CheckContact" time="0">
    <skipped/>
  </testcase>
  <testcase classname="MyTestCase.DemoTest" name="TestSucessfullReport" time="0">
    <skipped/>
  </testcase>
  <testcase classname="MyTestCase.NewTest" name="Setup" time="0">
    <skipped/>
  </testcase>
  <testcase classname="MyTestCase.NewTest" name="CheckContact" time="0">
    <skipped/>
  </testcase>
  <testcase classname="MyTestCase.NewTest" name="TestSucessfullReport" time="0">
    <skipped/>
  </testcase>
  <testcase classname="MyTestCase.DemoTest" name="Setup" time="0.006">
    <skipped/>
  </testcase>
  <testcase classname="MyTestCase.DemoTest" name="CheckSubmit" time="0">
    <skipped/>
  </testcase>
  <testcase classname="MyTestCase.DemoTest" name="TestSucessfullReport" time="0">
    <skipped/>
  </testcase>
  <testcase classname="MyTestCase.NewTest" name="Setup" time="0">
    <skipped/>
  </testcase>
  <testcase classname="MyTestCase.NewTest" name="CheckSubmit" time="0">
    <skipped/>
  </testcase>
  <testcase classname="MyTestCase.NewTest" name="TestSucessfullReport" time="0.004">
    <skipped/>
  </testcase>
  <testcase classname="MyTestCase.DemoTest" name="Setup" time="0.004">
    <skipped/>
  </testcase>
  <testcase classname="MyTestCase.DemoTest" name="CheckEndorse" time="0">
    <skipped/>
  </testcase>
  <testcase classname="MyTestCase.DemoTest" name="TestSucessfullReport" time="0">
    <skipped/>
  </testcase>
  <testcase classname="MyTestCase.NewTest" name="Setup" time="0">
    <skipped/>
  </testcase>
  <testcase classname="MyTestCase.NewTest" name="CheckEndorse" time="0">
    <skipped/>
  </testcase>
  <testcase classname="MyTestCase.NewTest" name="TestSucessfullReport" time="0">
    <skipped/>
  </testcase>
  <testcase classname="MyTestCase.NewTest" name="tearDown" time="0">
    <skipped/>
  </testcase>
  <testcase classname="MyTestCase.DemoTest" name="Setup" time="0">
    <skipped/>
  </testcase>
  <testcase classname="MyTestCase.DemoTest" name="CheckProduce" time="0">
    <skipped/>
  </testcase>
  <testcase classname="MyTestCase.DemoTest" name="TestSucessfullReport" time="0">
    <skipped/>
  </testcase>
</testsuite>