<?xml version="1.0" encoding="UTF-8"?>
<!-- Generated by org.testng.reporters.JUnitReportReporter -->
<testsuite hostname="VICKY-PC" name="MyTestCase.NewTest" tests="9" failures="0" timestamp="9 Jul 2018 10:06:25 GMT" time="431.814" errors="0">
  <testcase name="CheckRating" time="32.275" classname="MyTestCase.NewTest"/>
  <testcase name="CheckSubmit" time="31.827" classname="MyTestCase.NewTest"/>
  <testcase name="CheckPopUp" time="105.328" classname="MyTestCase.NewTest"/>
  <testcase name="CheckFinancialSnapshot" time="41.412" classname="MyTestCase.NewTest"/>
  <testcase name="checkLogin" time="18.921" classname="MyTestCase.NewTest"/>
  <testcase name="CheckContact" time="39.171" classname="MyTestCase.NewTest"/>
  <testcase name="CheckAdvancedPopup" time="39.652" classname="MyTestCase.NewTest"/>
  <testcase name="CheckEndorse" time="41.252" classname="MyTestCase.NewTest"/>
  <testcase name="CheckClaim" time="81.976" classname="MyTestCase.NewTest"/>
</testsuite> <!-- MyTestCase.NewTest -->
