<?xml version="1.0" encoding="UTF-8"?>
<!-- Generated by org.testng.reporters.JUnitReportReporter -->
<testsuite hostname="VICKY-PC" name="MyTestCase.DimensionCheck" tests="1" failures="0" timestamp="25 May 2018 07:35:34 GMT" time="20.247" errors="0">
  <testcase name="f" time="20.247" classname="MyTestCase.DimensionCheck"/>
</testsuite> <!-- MyTestCase.DimensionCheck -->
