<?xml version="1.0" encoding="UTF-8"?>
<!-- Generated by org.testng.reporters.JUnitReportReporter -->
<testsuite hostname="VICKY-PC" name="MyTestCase.NewTest" tests="1" failures="0" timestamp="3 Jul 2018 06:05:56 GMT" time="33.471" errors="0">
  <testcase name="checkLogin" time="33.471" classname="MyTestCase.NewTest"/>
</testsuite> <!-- MyTestCase.NewTest -->
